<?xml version="1.0" encoding="UTF-8"?>
<robot generator="Robot 5.0.1 (Python 3.9.0 on win32)" generated="20220924 21:16:32.150" rpa="false" schemaversion="3">
<suite id="s1" name="RadioButtons" source="E:\Testing\RobotFrameworkTest\TestCases\RadioButtons.robot">
<test id="s1-t1" name="TestingInputBox" line="10">
<kw name="Open Browser" library="SeleniumLibrary">
<arg>${url}</arg>
<arg>${browser}</arg>
<doc>Opens a new browser instance to the optional ``url``.</doc>
<msg timestamp="20220924 21:16:32.377" level="INFO">Opening browser 'chrome' to base url 'https://demo.nopcommerce.com/'.</msg>
<status status="PASS" starttime="20220924 21:16:32.376" endtime="20220924 21:16:35.094"/>
</kw>
<kw name="Maximize Browser Window" library="SeleniumLibrary">
<doc>Maximizes current browser window.</doc>
<status status="PASS" starttime="20220924 21:16:35.094" endtime="20220924 21:16:35.242"/>
</kw>
<kw name="Click Link" library="SeleniumLibrary">
<arg>xpath://a[@class='ico-register']</arg>
<doc>Clicks a link identified by ``locator``.</doc>
<msg timestamp="20220924 21:16:35.244" level="INFO">Clicking link 'xpath://a[@class='ico-register']'.</msg>
<status status="PASS" starttime="20220924 21:16:35.243" endtime="20220924 21:16:36.373"/>
</kw>
<kw name="Select Radio Button" library="SeleniumLibrary">
<arg>Gender</arg>
<arg>M</arg>
<doc>Sets the radio button group ``group_name`` to ``value``.</doc>
<msg timestamp="20220924 21:16:36.374" level="INFO">Selecting 'M' from radio button 'Gender'.</msg>
<status status="PASS" starttime="20220924 21:16:36.373" endtime="20220924 21:16:36.444"/>
</kw>
<status status="PASS" starttime="20220924 21:16:32.375" endtime="20220924 21:16:36.445"/>
</test>
<status status="PASS" starttime="20220924 21:16:32.152" endtime="20220924 21:16:36.447"/>
</suite>
<statistics>
<total>
<stat pass="1" fail="0" skip="0">All Tests</stat>
</total>
<tag>
</tag>
<suite>
<stat pass="1" fail="0" skip="0" id="s1" name="RadioButtons">RadioButtons</stat>
</suite>
</statistics>
<errors>
</errors>
</robot>
