<?xml version="1.0" encoding="UTF-8"?>
<robot generator="Robot 5.0.1 (Python 3.9.0 on win32)" generated="20220927 16:53:58.063" rpa="false" schemaversion="3">
<suite id="s1" name="NavigationURL" source="E:\Testing\RobotFrameworkTest\TestCases\NavigationURL.robot">
<test id="s1-t1" name="Navigation url" line="13">
<kw name="Open Browser" library="SeleniumLibrary">
<arg>${url}</arg>
<arg>${chrome_browser}</arg>
<doc>Opens a new browser instance to the optional ``url``.</doc>
<msg timestamp="20220927 16:53:58.280" level="INFO">Opening browser 'chrome' to base url 'https://demo.automationtesting.in/Windows.html'.</msg>
<status status="PASS" starttime="20220927 16:53:58.279" endtime="20220927 16:54:01.974"/>
</kw>
<kw name="Maximize Browser Window" library="SeleniumLibrary">
<doc>Maximizes current browser window.</doc>
<status status="PASS" starttime="20220927 16:54:01.976" endtime="20220927 16:54:02.290"/>
</kw>
<kw name="Get Location" library="SeleniumLibrary">
<var>${location}</var>
<doc>Returns the current browser window URL.</doc>
<msg timestamp="20220927 16:54:02.299" level="INFO">${location} = https://demo.automationtesting.in/Windows.html</msg>
<status status="PASS" starttime="20220927 16:54:02.292" endtime="20220927 16:54:02.299"/>
</kw>
<kw name="Log To Console" library="BuiltIn">
<arg>${location}</arg>
<doc>Logs the given message to the console.</doc>
<status status="PASS" starttime="20220927 16:54:02.300" endtime="20220927 16:54:02.301"/>
</kw>
<kw name="Go To" library="SeleniumLibrary">
<arg>https://www.google.com/</arg>
<doc>Navigates the current browser window to the provided ``url``.</doc>
<msg timestamp="20220927 16:54:02.301" level="INFO">Opening url 'https://www.google.com/'</msg>
<status status="PASS" starttime="20220927 16:54:02.301" endtime="20220927 16:54:02.830"/>
</kw>
<kw name="Get Location" library="SeleniumLibrary">
<var>${location}</var>
<doc>Returns the current browser window URL.</doc>
<msg timestamp="20220927 16:54:02.837" level="INFO">${location} = https://www.google.com/</msg>
<status status="PASS" starttime="20220927 16:54:02.831" endtime="20220927 16:54:02.837"/>
</kw>
<kw name="Log To Console" library="BuiltIn">
<arg>${location}</arg>
<doc>Logs the given message to the console.</doc>
<status status="PASS" starttime="20220927 16:54:02.838" endtime="20220927 16:54:02.840"/>
</kw>
<kw name="Sleep" library="BuiltIn">
<arg>3</arg>
<doc>Pauses the test executed for the given time.</doc>
<msg timestamp="20220927 16:54:05.851" level="INFO">Slept 3 seconds</msg>
<status status="PASS" starttime="20220927 16:54:02.841" endtime="20220927 16:54:05.851"/>
</kw>
<kw name="Go Back" library="SeleniumLibrary">
<doc>Simulates the user clicking the back button on their browser.</doc>
<status status="PASS" starttime="20220927 16:54:05.851" endtime="20220927 16:54:08.627"/>
</kw>
<kw name="Get Location" library="SeleniumLibrary">
<var>${location}</var>
<doc>Returns the current browser window URL.</doc>
<msg timestamp="20220927 16:54:08.713" level="INFO">${location} = https://demo.automationtesting.in/Windows.html</msg>
<status status="PASS" starttime="20220927 16:54:08.628" endtime="20220927 16:54:08.713"/>
</kw>
<kw name="Log To Console" library="BuiltIn">
<arg>${location}</arg>
<doc>Logs the given message to the console.</doc>
<status status="PASS" starttime="20220927 16:54:08.716" endtime="20220927 16:54:08.719"/>
</kw>
<doc>This test case will navigate to the url</doc>
<status status="PASS" starttime="20220927 16:53:58.278" endtime="20220927 16:54:08.720"/>
</test>
<status status="PASS" starttime="20220927 16:53:58.065" endtime="20220927 16:54:08.722"/>
</suite>
<statistics>
<total>
<stat pass="1" fail="0" skip="0">All Tests</stat>
</total>
<tag>
</tag>
<suite>
<stat pass="1" fail="0" skip="0" id="s1" name="NavigationURL">NavigationURL</stat>
</suite>
</statistics>
<errors>
</errors>
</robot>
