<?xml version="1.0" encoding="UTF-8"?>
<robot generator="Robot 5.0.1 (Python 3.9.0 on win32)" generated="20220924 20:22:12.616" rpa="false" schemaversion="3">
<suite id="s1" name="TC1" source="E:\Testing\RobotFrameworkTest\TestCases\TC1.robot">
<test id="s1-t1" name="LoginTest" line="11">
<kw name="Open Browser" library="SeleniumLibrary">
<arg>${URL}</arg>
<arg>${BROWSER}</arg>
<doc>Opens a new browser instance to the optional ``url``.</doc>
<msg timestamp="20220924 20:22:12.832" level="INFO">Opening browser 'chrome' to base url 'https://demo.nopcommerce.com/'.</msg>
<status status="PASS" starttime="20220924 20:22:12.831" endtime="20220924 20:22:15.569"/>
</kw>
<kw name="Click Link" library="SeleniumLibrary">
<arg>xpath=//a[@class='ico-login']</arg>
<doc>Clicks a link identified by ``locator``.</doc>
<msg timestamp="20220924 20:22:15.570" level="INFO">Clicking link 'xpath=//a[@class='ico-login']'.</msg>
<status status="PASS" starttime="20220924 20:22:15.570" endtime="20220924 20:22:16.769"/>
</kw>
<kw name="Input Text" library="SeleniumLibrary">
<arg>id:Email</arg>
<arg>test@gmail.com</arg>
<doc>Types the given ``text`` into the text field identified by ``locator``.</doc>
<msg timestamp="20220924 20:22:16.770" level="INFO">Typing text 'test@gmail.com' into text field 'id:Email'.</msg>
<status status="PASS" starttime="20220924 20:22:16.770" endtime="20220924 20:22:16.868"/>
</kw>
<kw name="Input Text" library="SeleniumLibrary">
<arg>id:Password</arg>
<arg>Test@12345</arg>
<doc>Types the given ``text`` into the text field identified by ``locator``.</doc>
<msg timestamp="20220924 20:22:16.869" level="INFO">Typing text 'Test@12345' into text field 'id:Password'.</msg>
<status status="PASS" starttime="20220924 20:22:16.868" endtime="20220924 20:22:16.955"/>
</kw>
<kw name="Click Element" library="SeleniumLibrary">
<arg>xpath=//button[normalize-space()='Log in']</arg>
<doc>Click the element identified by ``locator``.</doc>
<msg timestamp="20220924 20:22:16.957" level="INFO">Clicking element 'xpath=//button[normalize-space()='Log in']'.</msg>
<status status="PASS" starttime="20220924 20:22:16.956" endtime="20220924 20:22:17.569"/>
</kw>
<status status="PASS" starttime="20220924 20:22:12.830" endtime="20220924 20:22:17.570"/>
</test>
<doc>This is a test suite for testing the login functionality of the application.</doc>
<status status="PASS" starttime="20220924 20:22:12.618" endtime="20220924 20:22:17.572"/>
</suite>
<statistics>
<total>
<stat pass="1" fail="0" skip="0">All Tests</stat>
</total>
<tag>
</tag>
<suite>
<stat pass="1" fail="0" skip="0" id="s1" name="TC1">TC1</stat>
</suite>
</statistics>
<errors>
</errors>
</robot>
