<?xml version="1.0" encoding="UTF-8"?>
<robot generator="Robot 5.0.1 (Python 3.9.0 on win32)" generated="20220924 21:01:10.191" rpa="false" schemaversion="3">
<suite id="s1" name="InputBox" source="E:\Testing\RobotFrameworkTest\TestCases\InputBox.robot">
<test id="s1-t1" name="TestingInputBox" line="10">
<kw name="Open Browser" library="SeleniumLibrary">
<arg>${url}</arg>
<arg>${browser}</arg>
<doc>Opens a new browser instance to the optional ``url``.</doc>
<msg timestamp="20220924 21:01:10.430" level="INFO">Opening browser 'chrome' to base url 'https://demo.nopcommerce.com/'.</msg>
<status status="PASS" starttime="20220924 21:01:10.429" endtime="20220924 21:01:13.967"/>
</kw>
<kw name="Maximize Browser Window" library="SeleniumLibrary">
<doc>Maximizes current browser window.</doc>
<status status="PASS" starttime="20220924 21:01:13.968" endtime="20220924 21:01:14.111"/>
</kw>
<kw name="Title Should Be" library="SeleniumLibrary">
<arg>nopCommerce demo store</arg>
<doc>Verifies that the current page title equals ``title``.</doc>
<msg timestamp="20220924 21:01:14.118" level="INFO">Page title is 'nopCommerce demo store'.</msg>
<status status="PASS" starttime="20220924 21:01:14.113" endtime="20220924 21:01:14.118"/>
</kw>
<kw name="Click Link" library="SeleniumLibrary">
<arg>xpath://a[@class='ico-login']</arg>
<doc>Clicks a link identified by ``locator``.</doc>
<msg timestamp="20220924 21:01:14.119" level="INFO">Clicking link 'xpath://a[@class='ico-login']'.</msg>
<status status="PASS" starttime="20220924 21:01:14.118" endtime="20220924 21:01:16.807"/>
</kw>
<kw name="Set Variable" library="BuiltIn">
<var>${"email"}</var>
<arg>id:Email</arg>
<doc>Returns the given values which can then be assigned to a variables.</doc>
<msg timestamp="20220924 21:01:16.809" level="INFO">${"email"} = id:Email</msg>
<status status="PASS" starttime="20220924 21:01:16.808" endtime="20220924 21:01:16.809"/>
</kw>
<kw name="Element Should Be Visible" library="SeleniumLibrary">
<arg>${"email"}</arg>
<doc>Verifies that the element identified by ``locator`` is visible.</doc>
<msg timestamp="20220924 21:01:16.889" level="INFO">Element 'id:Email' is displayed.</msg>
<status status="PASS" starttime="20220924 21:01:16.810" endtime="20220924 21:01:16.889"/>
</kw>
<kw name="Element Should Be Enabled" library="SeleniumLibrary">
<arg>${"email"}</arg>
<doc>Verifies that element identified by ``locator`` is enabled.</doc>
<status status="PASS" starttime="20220924 21:01:16.890" endtime="20220924 21:01:16.915"/>
</kw>
<kw name="Input Text" library="SeleniumLibrary">
<arg>${"email"}</arg>
<arg>test@gmail.com</arg>
<doc>Types the given ``text`` into the text field identified by ``locator``.</doc>
<msg timestamp="20220924 21:01:16.916" level="INFO">Typing text 'test@gmail.com' into text field 'id:Email'.</msg>
<status status="PASS" starttime="20220924 21:01:16.916" endtime="20220924 21:01:16.994"/>
</kw>
<kw name="Sleep" library="BuiltIn">
<arg>5</arg>
<doc>Pauses the test executed for the given time.</doc>
<msg timestamp="20220924 21:01:22.007" level="INFO">Slept 5 seconds</msg>
<status status="PASS" starttime="20220924 21:01:16.994" endtime="20220924 21:01:22.007"/>
</kw>
<kw name="Clear Element Text" library="SeleniumLibrary">
<arg>${"email"}</arg>
<doc>Clears the value of the text-input-element identified by ``locator``.</doc>
<status status="PASS" starttime="20220924 21:01:22.009" endtime="20220924 21:01:22.049"/>
</kw>
<kw name="Sleep" library="BuiltIn">
<arg>3</arg>
<doc>Pauses the test executed for the given time.</doc>
<msg timestamp="20220924 21:01:25.054" level="INFO">Slept 3 seconds</msg>
<status status="PASS" starttime="20220924 21:01:22.050" endtime="20220924 21:01:25.055"/>
</kw>
<kw name="Close Browser" library="SeleniumLibrary">
<doc>Closes the current browser.</doc>
<status status="PASS" starttime="20220924 21:01:25.055" endtime="20220924 21:01:27.325"/>
</kw>
<status status="PASS" starttime="20220924 21:01:10.428" endtime="20220924 21:01:27.327"/>
</test>
<status status="PASS" starttime="20220924 21:01:10.193" endtime="20220924 21:01:27.331"/>
</suite>
<statistics>
<total>
<stat pass="1" fail="0" skip="0">All Tests</stat>
</total>
<tag>
</tag>
<suite>
<stat pass="1" fail="0" skip="0" id="s1" name="InputBox">InputBox</stat>
</suite>
</statistics>
<errors>
</errors>
</robot>
