<?xml version="1.0" encoding="UTF-8"?>
<robot generator="Robot 5.0.1 (Python 3.9.0 on win32)" generated="20221024 21:32:20.127" rpa="false" schemaversion="3">
<suite id="s1" name="DataDrivenTesting" source="E:\Testing\RobotFrameworkTest\TestCases\DataDrivenTesting.robot">
<kw name="Open Default Browser" library="LoginKeywords" type="SETUP">
<kw name="Open Browser" library="SeleniumLibrary">
<arg>${URL}</arg>
<arg>${BROWSER}</arg>
<doc>Opens a new browser instance to the optional ``url``.</doc>
<msg timestamp="20221024 21:32:20.342" level="INFO">Opening browser 'chrome' to base url 'https://demo.nopcommerce.com/'.</msg>
<status status="PASS" starttime="20221024 21:32:20.341" endtime="20221024 21:32:22.784"/>
</kw>
<kw name="Maximize Browser Window" library="SeleniumLibrary">
<doc>Maximizes current browser window.</doc>
<status status="PASS" starttime="20221024 21:32:22.784" endtime="20221024 21:32:22.920"/>
</kw>
<kw name="Sleep" library="BuiltIn">
<arg>2</arg>
<doc>Pauses the test executed for the given time.</doc>
<msg timestamp="20221024 21:32:24.935" level="INFO">Slept 2 seconds</msg>
<status status="PASS" starttime="20221024 21:32:22.920" endtime="20221024 21:32:24.935"/>
</kw>
<status status="PASS" starttime="20221024 21:32:20.341" endtime="20221024 21:32:24.935"/>
</kw>
<test id="s1-t1" name="Right user empty pass" line="10">
<kw name="Invalid Login">
<arg>admin@yourstore.com</arg>
<arg>${EMPTY}</arg>
<kw name="Input Unsername" library="LoginKeywords">
<arg>${username}</arg>
<kw name="Wait Until Element Is Visible" library="SeleniumLibrary">
<arg>xpath://input[@id='Email']</arg>
<doc>Waits until the element ``locator`` is visible.</doc>
<msg timestamp="20221024 21:32:30.397" level="INFO" html="true">&lt;/td&gt;&lt;/tr&gt;&lt;tr&gt;&lt;td colspan="3"&gt;&lt;a href="selenium-screenshot-34.png"&gt;&lt;img src="selenium-screenshot-34.png" width="800px"&gt;&lt;/a&gt;</msg>
<msg timestamp="20221024 21:32:30.398" level="FAIL">Element 'xpath://input[@id='Email']' not visible after 5 seconds.</msg>
<status status="FAIL" starttime="20221024 21:32:24.938" endtime="20221024 21:32:30.412"/>
</kw>
<kw name="Input Text" library="SeleniumLibrary">
<arg>xpath://input[@id='Email']</arg>
<arg>${username}</arg>
<doc>Types the given ``text`` into the text field identified by ``locator``.</doc>
<status status="NOT RUN" starttime="20221024 21:32:30.413" endtime="20221024 21:32:30.413"/>
</kw>
<status status="FAIL" starttime="20221024 21:32:24.937" endtime="20221024 21:32:30.414"/>
</kw>
<kw name="Sleep" library="BuiltIn">
<arg>2</arg>
<doc>Pauses the test executed for the given time.</doc>
<status status="NOT RUN" starttime="20221024 21:32:30.414" endtime="20221024 21:32:30.414"/>
</kw>
<kw name="Input Pwd" library="LoginKeywords">
<arg>${password}</arg>
<status status="NOT RUN" starttime="20221024 21:32:30.414" endtime="20221024 21:32:30.415"/>
</kw>
<kw name="Sleep" library="BuiltIn">
<arg>2</arg>
<doc>Pauses the test executed for the given time.</doc>
<status status="NOT RUN" starttime="20221024 21:32:30.415" endtime="20221024 21:32:30.415"/>
</kw>
<kw name="Click Login Button" library="LoginKeywords">
<status status="NOT RUN" starttime="20221024 21:32:30.415" endtime="20221024 21:32:30.415"/>
</kw>
<kw name="Sleep" library="BuiltIn">
<arg>2</arg>
<doc>Pauses the test executed for the given time.</doc>
<status status="NOT RUN" starttime="20221024 21:32:30.415" endtime="20221024 21:32:30.415"/>
</kw>
<kw name="Error Message Should Be Displayed" library="LoginKeywords">
<status status="NOT RUN" starttime="20221024 21:32:30.415" endtime="20221024 21:32:30.415"/>
</kw>
<status status="FAIL" starttime="20221024 21:32:24.936" endtime="20221024 21:32:30.416"/>
</kw>
<status status="FAIL" starttime="20221024 21:32:24.935" endtime="20221024 21:32:30.418">Element 'xpath://input[@id='Email']' not visible after 5 seconds.</status>
</test>
<test id="s1-t2" name="Right user wrong pass" line="11">
<kw name="Invalid Login">
<arg>admin@yourstore.com</arg>
<arg>xyz</arg>
<kw name="Input Unsername" library="LoginKeywords">
<arg>${username}</arg>
<kw name="Wait Until Element Is Visible" library="SeleniumLibrary">
<arg>xpath://input[@id='Email']</arg>
<doc>Waits until the element ``locator`` is visible.</doc>
<msg timestamp="20221024 21:32:35.851" level="INFO" html="true">&lt;/td&gt;&lt;/tr&gt;&lt;tr&gt;&lt;td colspan="3"&gt;&lt;a href="selenium-screenshot-35.png"&gt;&lt;img src="selenium-screenshot-35.png" width="800px"&gt;&lt;/a&gt;</msg>
<msg timestamp="20221024 21:32:35.852" level="FAIL">Element 'xpath://input[@id='Email']' not visible after 5 seconds.</msg>
<status status="FAIL" starttime="20221024 21:32:30.423" endtime="20221024 21:32:35.853"/>
</kw>
<kw name="Input Text" library="SeleniumLibrary">
<arg>xpath://input[@id='Email']</arg>
<arg>${username}</arg>
<doc>Types the given ``text`` into the text field identified by ``locator``.</doc>
<status status="NOT RUN" starttime="20221024 21:32:35.853" endtime="20221024 21:32:35.854"/>
</kw>
<status status="FAIL" starttime="20221024 21:32:30.422" endtime="20221024 21:32:35.854"/>
</kw>
<kw name="Sleep" library="BuiltIn">
<arg>2</arg>
<doc>Pauses the test executed for the given time.</doc>
<status status="NOT RUN" starttime="20221024 21:32:35.855" endtime="20221024 21:32:35.855"/>
</kw>
<kw name="Input Pwd" library="LoginKeywords">
<arg>${password}</arg>
<status status="NOT RUN" starttime="20221024 21:32:35.855" endtime="20221024 21:32:35.855"/>
</kw>
<kw name="Sleep" library="BuiltIn">
<arg>2</arg>
<doc>Pauses the test executed for the given time.</doc>
<status status="NOT RUN" starttime="20221024 21:32:35.855" endtime="20221024 21:32:35.855"/>
</kw>
<kw name="Click Login Button" library="LoginKeywords">
<status status="NOT RUN" starttime="20221024 21:32:35.855" endtime="20221024 21:32:35.855"/>
</kw>
<kw name="Sleep" library="BuiltIn">
<arg>2</arg>
<doc>Pauses the test executed for the given time.</doc>
<status status="NOT RUN" starttime="20221024 21:32:35.856" endtime="20221024 21:32:35.856"/>
</kw>
<kw name="Error Message Should Be Displayed" library="LoginKeywords">
<status status="NOT RUN" starttime="20221024 21:32:35.856" endtime="20221024 21:32:35.856"/>
</kw>
<status status="FAIL" starttime="20221024 21:32:30.422" endtime="20221024 21:32:35.856"/>
</kw>
<status status="FAIL" starttime="20221024 21:32:30.420" endtime="20221024 21:32:35.857">Element 'xpath://input[@id='Email']' not visible after 5 seconds.</status>
</test>
<test id="s1-t3" name="Wrong user right pass" line="12">
<kw name="Invalid Login">
<arg>adm@yourstore.com</arg>
<arg>admin</arg>
<kw name="Input Unsername" library="LoginKeywords">
<arg>${username}</arg>
<kw name="Wait Until Element Is Visible" library="SeleniumLibrary">
<arg>xpath://input[@id='Email']</arg>
<doc>Waits until the element ``locator`` is visible.</doc>
<msg timestamp="20221024 21:32:41.409" level="INFO" html="true">&lt;/td&gt;&lt;/tr&gt;&lt;tr&gt;&lt;td colspan="3"&gt;&lt;a href="selenium-screenshot-36.png"&gt;&lt;img src="selenium-screenshot-36.png" width="800px"&gt;&lt;/a&gt;</msg>
<msg timestamp="20221024 21:32:41.410" level="FAIL">Element 'xpath://input[@id='Email']' not visible after 5 seconds.</msg>
<status status="FAIL" starttime="20221024 21:32:35.861" endtime="20221024 21:32:41.410"/>
</kw>
<kw name="Input Text" library="SeleniumLibrary">
<arg>xpath://input[@id='Email']</arg>
<arg>${username}</arg>
<doc>Types the given ``text`` into the text field identified by ``locator``.</doc>
<status status="NOT RUN" starttime="20221024 21:32:41.410" endtime="20221024 21:32:41.410"/>
</kw>
<status status="FAIL" starttime="20221024 21:32:35.860" endtime="20221024 21:32:41.411"/>
</kw>
<kw name="Sleep" library="BuiltIn">
<arg>2</arg>
<doc>Pauses the test executed for the given time.</doc>
<status status="NOT RUN" starttime="20221024 21:32:41.411" endtime="20221024 21:32:41.411"/>
</kw>
<kw name="Input Pwd" library="LoginKeywords">
<arg>${password}</arg>
<status status="NOT RUN" starttime="20221024 21:32:41.411" endtime="20221024 21:32:41.411"/>
</kw>
<kw name="Sleep" library="BuiltIn">
<arg>2</arg>
<doc>Pauses the test executed for the given time.</doc>
<status status="NOT RUN" starttime="20221024 21:32:41.412" endtime="20221024 21:32:41.412"/>
</kw>
<kw name="Click Login Button" library="LoginKeywords">
<status status="NOT RUN" starttime="20221024 21:32:41.412" endtime="20221024 21:32:41.412"/>
</kw>
<kw name="Sleep" library="BuiltIn">
<arg>2</arg>
<doc>Pauses the test executed for the given time.</doc>
<status status="NOT RUN" starttime="20221024 21:32:41.412" endtime="20221024 21:32:41.412"/>
</kw>
<kw name="Error Message Should Be Displayed" library="LoginKeywords">
<status status="NOT RUN" starttime="20221024 21:32:41.412" endtime="20221024 21:32:41.412"/>
</kw>
<status status="FAIL" starttime="20221024 21:32:35.859" endtime="20221024 21:32:41.412"/>
</kw>
<status status="FAIL" starttime="20221024 21:32:35.859" endtime="20221024 21:32:41.414">Element 'xpath://input[@id='Email']' not visible after 5 seconds.</status>
</test>
<test id="s1-t4" name="Wrong user wrong pass" line="13">
<kw name="Invalid Login">
<arg>adm@yourstore.com</arg>
<arg>xyz</arg>
<kw name="Input Unsername" library="LoginKeywords">
<arg>${username}</arg>
<kw name="Wait Until Element Is Visible" library="SeleniumLibrary">
<arg>xpath://input[@id='Email']</arg>
<doc>Waits until the element ``locator`` is visible.</doc>
<msg timestamp="20221024 21:32:46.728" level="INFO" html="true">&lt;/td&gt;&lt;/tr&gt;&lt;tr&gt;&lt;td colspan="3"&gt;&lt;a href="selenium-screenshot-37.png"&gt;&lt;img src="selenium-screenshot-37.png" width="800px"&gt;&lt;/a&gt;</msg>
<msg timestamp="20221024 21:32:46.729" level="FAIL">Element 'xpath://input[@id='Email']' not visible after 5 seconds.</msg>
<status status="FAIL" starttime="20221024 21:32:41.419" endtime="20221024 21:32:46.729"/>
</kw>
<kw name="Input Text" library="SeleniumLibrary">
<arg>xpath://input[@id='Email']</arg>
<arg>${username}</arg>
<doc>Types the given ``text`` into the text field identified by ``locator``.</doc>
<status status="NOT RUN" starttime="20221024 21:32:46.730" endtime="20221024 21:32:46.730"/>
</kw>
<status status="FAIL" starttime="20221024 21:32:41.418" endtime="20221024 21:32:46.731"/>
</kw>
<kw name="Sleep" library="BuiltIn">
<arg>2</arg>
<doc>Pauses the test executed for the given time.</doc>
<status status="NOT RUN" starttime="20221024 21:32:46.731" endtime="20221024 21:32:46.731"/>
</kw>
<kw name="Input Pwd" library="LoginKeywords">
<arg>${password}</arg>
<status status="NOT RUN" starttime="20221024 21:32:46.731" endtime="20221024 21:32:46.731"/>
</kw>
<kw name="Sleep" library="BuiltIn">
<arg>2</arg>
<doc>Pauses the test executed for the given time.</doc>
<status status="NOT RUN" starttime="20221024 21:32:46.731" endtime="20221024 21:32:46.731"/>
</kw>
<kw name="Click Login Button" library="LoginKeywords">
<status status="NOT RUN" starttime="20221024 21:32:46.731" endtime="20221024 21:32:46.731"/>
</kw>
<kw name="Sleep" library="BuiltIn">
<arg>2</arg>
<doc>Pauses the test executed for the given time.</doc>
<status status="NOT RUN" starttime="20221024 21:32:46.732" endtime="20221024 21:32:46.732"/>
</kw>
<kw name="Error Message Should Be Displayed" library="LoginKeywords">
<status status="NOT RUN" starttime="20221024 21:32:46.732" endtime="20221024 21:32:46.732"/>
</kw>
<status status="FAIL" starttime="20221024 21:32:41.417" endtime="20221024 21:32:46.732"/>
</kw>
<status status="FAIL" starttime="20221024 21:32:41.415" endtime="20221024 21:32:46.733">Element 'xpath://input[@id='Email']' not visible after 5 seconds.</status>
</test>
<test id="s1-t5" name="Wrong user empty pass" line="14">
<kw name="Invalid Login">
<arg>adm@yourstore.com</arg>
<arg>${EMPTY}</arg>
<kw name="Input Unsername" library="LoginKeywords">
<arg>${username}</arg>
<kw name="Wait Until Element Is Visible" library="SeleniumLibrary">
<arg>xpath://input[@id='Email']</arg>
<doc>Waits until the element ``locator`` is visible.</doc>
<msg timestamp="20221024 21:32:52.070" level="INFO" html="true">&lt;/td&gt;&lt;/tr&gt;&lt;tr&gt;&lt;td colspan="3"&gt;&lt;a href="selenium-screenshot-38.png"&gt;&lt;img src="selenium-screenshot-38.png" width="800px"&gt;&lt;/a&gt;</msg>
<msg timestamp="20221024 21:32:52.070" level="FAIL">Element 'xpath://input[@id='Email']' not visible after 5 seconds.</msg>
<status status="FAIL" starttime="20221024 21:32:46.736" endtime="20221024 21:32:52.071"/>
</kw>
<kw name="Input Text" library="SeleniumLibrary">
<arg>xpath://input[@id='Email']</arg>
<arg>${username}</arg>
<doc>Types the given ``text`` into the text field identified by ``locator``.</doc>
<status status="NOT RUN" starttime="20221024 21:32:52.071" endtime="20221024 21:32:52.071"/>
</kw>
<status status="FAIL" starttime="20221024 21:32:46.735" endtime="20221024 21:32:52.072"/>
</kw>
<kw name="Sleep" library="BuiltIn">
<arg>2</arg>
<doc>Pauses the test executed for the given time.</doc>
<status status="NOT RUN" starttime="20221024 21:32:52.072" endtime="20221024 21:32:52.072"/>
</kw>
<kw name="Input Pwd" library="LoginKeywords">
<arg>${password}</arg>
<status status="NOT RUN" starttime="20221024 21:32:52.072" endtime="20221024 21:32:52.072"/>
</kw>
<kw name="Sleep" library="BuiltIn">
<arg>2</arg>
<doc>Pauses the test executed for the given time.</doc>
<status status="NOT RUN" starttime="20221024 21:32:52.072" endtime="20221024 21:32:52.072"/>
</kw>
<kw name="Click Login Button" library="LoginKeywords">
<status status="NOT RUN" starttime="20221024 21:32:52.072" endtime="20221024 21:32:52.072"/>
</kw>
<kw name="Sleep" library="BuiltIn">
<arg>2</arg>
<doc>Pauses the test executed for the given time.</doc>
<status status="NOT RUN" starttime="20221024 21:32:52.072" endtime="20221024 21:32:52.072"/>
</kw>
<kw name="Error Message Should Be Displayed" library="LoginKeywords">
<status status="NOT RUN" starttime="20221024 21:32:52.072" endtime="20221024 21:32:52.072"/>
</kw>
<status status="FAIL" starttime="20221024 21:32:46.735" endtime="20221024 21:32:52.073"/>
</kw>
<status status="FAIL" starttime="20221024 21:32:46.734" endtime="20221024 21:32:52.073">Element 'xpath://input[@id='Email']' not visible after 5 seconds.</status>
</test>
<kw name="Close Browsers" library="LoginKeywords" type="TEARDOWN">
<kw name="Close All Browsers" library="SeleniumLibrary">
<doc>Closes all open browsers and resets the browser cache.</doc>
<status status="PASS" starttime="20221024 21:32:52.076" endtime="20221024 21:32:54.264"/>
</kw>
<status status="PASS" starttime="20221024 21:32:52.076" endtime="20221024 21:32:54.264"/>
</kw>
<status status="FAIL" starttime="20221024 21:32:20.129" endtime="20221024 21:32:54.264"/>
</suite>
<statistics>
<total>
<stat pass="0" fail="5" skip="0">All Tests</stat>
</total>
<tag>
</tag>
<suite>
<stat pass="0" fail="5" skip="0" id="s1" name="DataDrivenTesting">DataDrivenTesting</stat>
</suite>
</statistics>
<errors>
</errors>
</robot>
