<?xml version="1.0" encoding="UTF-8"?>
<robot generator="Robot 5.0.1 (Python 3.9.0 on win32)" generated="20220926 23:12:29.280" rpa="false" schemaversion="3">
<suite id="s1" name="BrowserTabHandle" source="E:\Testing\RobotFrameworkTest\TestCases\BrowserTabHandle.robot">
<test id="s1-t1" name="TabbedWindowTest" line="13">
<kw name="Open Browser" library="SeleniumLibrary">
<arg>${url}</arg>
<arg>${chrome_browser}</arg>
<doc>Opens a new browser instance to the optional ``url``.</doc>
<msg timestamp="20220926 23:12:29.508" level="INFO">Opening browser 'chrome' to base url 'https://demo.automationtesting.in/Windows.html'.</msg>
<status status="PASS" starttime="20220926 23:12:29.508" endtime="20220926 23:12:33.257"/>
</kw>
<kw name="Maximize Browser Window" library="SeleniumLibrary">
<doc>Maximizes current browser window.</doc>
<status status="PASS" starttime="20220926 23:12:33.259" endtime="20220926 23:12:33.648"/>
</kw>
<kw name="Click Element" library="SeleniumLibrary">
<arg>xpath://a[@href='http://www.selenium.dev']//button[@class='btn btn-info'][normalize-space()='click']</arg>
<doc>Click the element identified by ``locator``.</doc>
<msg timestamp="20220926 23:12:33.650" level="INFO">Clicking element 'xpath://a[@href='http://www.selenium.dev']//button[@class='btn btn-info'][normalize-space()='click']'.</msg>
<status status="PASS" starttime="20220926 23:12:33.649" endtime="20220926 23:12:33.795"/>
</kw>
<kw name="Switch Window" library="SeleniumLibrary">
<arg>URL= https://www.selenium.dev/</arg>
<doc>Switches to browser window matching ``locator``.</doc>
<msg timestamp="20220926 23:12:34.749" level="INFO" html="true">&lt;/td&gt;&lt;/tr&gt;&lt;tr&gt;&lt;td colspan="3"&gt;&lt;a href="selenium-screenshot-6.png"&gt;&lt;img src="selenium-screenshot-6.png" width="800px"&gt;&lt;/a&gt;</msg>
<msg timestamp="20220926 23:12:34.751" level="FAIL">No window matching handle, name, title or URL 'URL= https://www.selenium.dev/' found.</msg>
<status status="FAIL" starttime="20220926 23:12:33.796" endtime="20220926 23:12:34.756"/>
</kw>
<kw name="Close All Browsers" library="SeleniumLibrary">
<doc>Closes all open browsers and resets the browser cache.</doc>
<status status="NOT RUN" starttime="20220926 23:12:34.758" endtime="20220926 23:12:34.758"/>
</kw>
<status status="FAIL" starttime="20220926 23:12:29.507" endtime="20220926 23:12:34.760">No window matching handle, name, title or URL 'URL= https://www.selenium.dev/' found.</status>
</test>
<status status="FAIL" starttime="20220926 23:12:29.282" endtime="20220926 23:12:34.763"/>
</suite>
<statistics>
<total>
<stat pass="0" fail="1" skip="0">All Tests</stat>
</total>
<tag>
</tag>
<suite>
<stat pass="0" fail="1" skip="0" id="s1" name="BrowserTabHandle">BrowserTabHandle</stat>
</suite>
</statistics>
<errors>
</errors>
</robot>
