<?xml version="1.0" encoding="UTF-8"?>
<robot generator="Robot 5.0.1 (Python 3.9.0 on win32)" generated="20221009 20:16:33.131" rpa="false" schemaversion="3">
<suite id="s1" name="MouseOperations" source="E:\Testing\RobotFrameworkTest\TestCases\MouseOperations.robot">
<test id="s1-t1" name="MouseAction" line="10">
<kw name="Open defualt browser">
<kw name="Open Browser" library="SeleniumLibrary">
<arg>${URL}</arg>
<arg>${BROWSER}</arg>
<doc>Opens a new browser instance to the optional ``url``.</doc>
<msg timestamp="20221009 20:16:33.388" level="INFO">Opening browser 'chrome' to base url 'https://swisnl.github.io/jQuery-contextMenu/demo.html'.</msg>
<status status="PASS" starttime="20221009 20:16:33.388" endtime="20221009 20:16:35.287"/>
</kw>
<kw name="Maximize Browser Window" library="SeleniumLibrary">
<doc>Maximizes current browser window.</doc>
<status status="PASS" starttime="20221009 20:16:35.287" endtime="20221009 20:16:35.410"/>
</kw>
<status status="PASS" starttime="20221009 20:16:33.388" endtime="20221009 20:16:35.410"/>
</kw>
<kw name="Context Menu by mouse right click">
<kw name="Open Context Menu" library="SeleniumLibrary">
<arg>xpath:/html/body/div/section/div/div/div/p/span</arg>
<doc>Opens the context menu on the element identified by ``locator``.</doc>
<status status="PASS" starttime="20221009 20:16:35.411" endtime="20221009 20:16:35.742"/>
</kw>
<kw name="Sleep" library="BuiltIn">
<arg>3</arg>
<doc>Pauses the test executed for the given time.</doc>
<msg timestamp="20221009 20:16:38.756" level="INFO">Slept 3 seconds</msg>
<status status="PASS" starttime="20221009 20:16:35.742" endtime="20221009 20:16:38.756"/>
</kw>
<status status="PASS" starttime="20221009 20:16:35.411" endtime="20221009 20:16:38.756"/>
</kw>
<kw name="Double click action">
<kw name="Go To" library="SeleniumLibrary">
<arg>https://testautomationpractice.blogspot.com/</arg>
<doc>Navigates the current browser window to the provided ``url``.</doc>
<msg timestamp="20221009 20:16:38.758" level="INFO">Opening url 'https://testautomationpractice.blogspot.com/'</msg>
<status status="PASS" starttime="20221009 20:16:38.758" endtime="20221009 20:16:43.650"/>
</kw>
<kw name="Double Click Element" library="SeleniumLibrary">
<arg>xpath://*[@id="HTML10"]/div[1]/button</arg>
<doc>Double clicks the element identified by ``locator``.</doc>
<msg timestamp="20221009 20:16:43.651" level="INFO">Double clicking element 'xpath://*[@id="HTML10"]/div[1]/button'.</msg>
<status status="PASS" starttime="20221009 20:16:43.650" endtime="20221009 20:16:43.956"/>
</kw>
<kw name="Sleep" library="BuiltIn">
<arg>3</arg>
<doc>Pauses the test executed for the given time.</doc>
<msg timestamp="20221009 20:16:46.961" level="INFO">Slept 3 seconds</msg>
<status status="PASS" starttime="20221009 20:16:43.956" endtime="20221009 20:16:46.961"/>
</kw>
<status status="PASS" starttime="20221009 20:16:38.757" endtime="20221009 20:16:46.962"/>
</kw>
<kw name="Drag and drop action">
<kw name="Go To" library="SeleniumLibrary">
<arg>http://dhtmlgoodies.com/scripts/drag-drop-custom/demo-drag-drop-3.html</arg>
<doc>Navigates the current browser window to the provided ``url``.</doc>
<msg timestamp="20221009 20:16:46.965" level="INFO">Opening url 'http://dhtmlgoodies.com/scripts/drag-drop-custom/demo-drag-drop-3.html'</msg>
<status status="PASS" starttime="20221009 20:16:46.964" endtime="20221009 20:16:49.800"/>
</kw>
<kw name="Drag And Drop" library="SeleniumLibrary">
<arg>id:box6</arg>
<arg>id:box106</arg>
<doc>Drags the element identified by ``locator`` into the ``target`` element.</doc>
<status status="PASS" starttime="20221009 20:16:49.800" endtime="20221009 20:16:50.362"/>
</kw>
<kw name="Sleep" library="BuiltIn">
<arg>3</arg>
<doc>Pauses the test executed for the given time.</doc>
<msg timestamp="20221009 20:16:53.368" level="INFO">Slept 3 seconds</msg>
<status status="PASS" starttime="20221009 20:16:50.362" endtime="20221009 20:16:53.368"/>
</kw>
<status status="PASS" starttime="20221009 20:16:46.964" endtime="20221009 20:16:53.369"/>
</kw>
<kw name="Close All Browsers" library="SeleniumLibrary">
<doc>Closes all open browsers and resets the browser cache.</doc>
<status status="PASS" starttime="20221009 20:16:53.370" endtime="20221009 20:16:55.697"/>
</kw>
<status status="PASS" starttime="20221009 20:16:33.387" endtime="20221009 20:16:55.699"/>
</test>
<status status="PASS" starttime="20221009 20:16:33.133" endtime="20221009 20:16:55.703"/>
</suite>
<statistics>
<total>
<stat pass="1" fail="0" skip="0">All Tests</stat>
</total>
<tag>
</tag>
<suite>
<stat pass="1" fail="0" skip="0" id="s1" name="MouseOperations">MouseOperations</stat>
</suite>
</statistics>
<errors>
</errors>
</robot>
