<?xml version="1.0" encoding="UTF-8"?>
<robot generator="Robot 5.0.1 (Python 3.9.0 on win32)" generated="20221009 21:09:24.893" rpa="false" schemaversion="3">
<suite id="s1" name="UserDefineKeywords" source="E:\Testing\RobotFrameworkTest\TestCases\UserDefineKeywords.robot">
<test id="s1-t1" name="Test Case 1" line="10">
<kw name="Launch Browser">
<var>${PageTitle}</var>
<arg>${URL}</arg>
<arg>${BROWSER}</arg>
<kw name="Open Browser" library="SeleniumLibrary">
<arg>${AppURL}</arg>
<arg>${AppBROWSER}</arg>
<doc>Opens a new browser instance to the optional ``url``.</doc>
<msg timestamp="20221009 21:09:25.153" level="INFO">Opening browser 'chrome' to base url 'https://demo.nopcommerce.com/login?returnUrl=%2F'.</msg>
<status status="PASS" starttime="20221009 21:09:25.153" endtime="20221009 21:09:29.253"/>
</kw>
<kw name="Maximize Browser Window" library="SeleniumLibrary">
<doc>Maximizes current browser window.</doc>
<status status="PASS" starttime="20221009 21:09:29.254" endtime="20221009 21:09:29.399"/>
</kw>
<kw name="Get Title" library="SeleniumLibrary">
<var>${title}</var>
<doc>Returns the title of the current page.</doc>
<msg timestamp="20221009 21:09:29.408" level="INFO">${title} = nopCommerce demo store. Login</msg>
<status status="PASS" starttime="20221009 21:09:29.399" endtime="20221009 21:09:29.408"/>
</kw>
<kw name="Log" library="BuiltIn">
<arg>${title}</arg>
<doc>Logs the given message with the given level.</doc>
<msg timestamp="20221009 21:09:29.408" level="INFO">nopCommerce demo store. Login</msg>
<status status="PASS" starttime="20221009 21:09:29.408" endtime="20221009 21:09:29.408"/>
</kw>
<msg timestamp="20221009 21:09:29.409" level="INFO">${PageTitle} = nopCommerce demo store. Login</msg>
<status status="PASS" starttime="20221009 21:09:25.151" endtime="20221009 21:09:29.409"/>
</kw>
<kw name="Log To Console" library="BuiltIn">
<arg>message=${PageTitle}</arg>
<doc>Logs the given message to the console.</doc>
<status status="PASS" starttime="20221009 21:09:29.410" endtime="20221009 21:09:29.411"/>
</kw>
<kw name="Sleep" library="BuiltIn">
<arg>2</arg>
<doc>Pauses the test executed for the given time.</doc>
<msg timestamp="20221009 21:09:31.416" level="INFO">Slept 2 seconds</msg>
<status status="PASS" starttime="20221009 21:09:29.411" endtime="20221009 21:09:31.416"/>
</kw>
<kw name="User Input action">
<kw name="Input Text" library="SeleniumLibrary">
<arg>id:Email</arg>
<arg>John</arg>
<doc>Types the given ``text`` into the text field identified by ``locator``.</doc>
<msg timestamp="20221009 21:09:31.418" level="INFO">Typing text 'John' into text field 'id:Email'.</msg>
<status status="PASS" starttime="20221009 21:09:31.418" endtime="20221009 21:09:31.523"/>
</kw>
<kw name="Input Text" library="SeleniumLibrary">
<arg>id:Password</arg>
<arg>123456</arg>
<doc>Types the given ``text`` into the text field identified by ``locator``.</doc>
<msg timestamp="20221009 21:09:31.523" level="INFO">Typing text '123456' into text field 'id:Password'.</msg>
<status status="PASS" starttime="20221009 21:09:31.523" endtime="20221009 21:09:31.623"/>
</kw>
<status status="PASS" starttime="20221009 21:09:31.417" endtime="20221009 21:09:31.623"/>
</kw>
<kw name="Close Browser" library="SeleniumLibrary">
<doc>Closes the current browser.</doc>
<status status="PASS" starttime="20221009 21:09:31.624" endtime="20221009 21:09:33.878"/>
</kw>
<status status="PASS" starttime="20221009 21:09:25.150" endtime="20221009 21:09:33.879"/>
</test>
<status status="PASS" starttime="20221009 21:09:24.895" endtime="20221009 21:09:33.883"/>
</suite>
<statistics>
<total>
<stat pass="1" fail="0" skip="0">All Tests</stat>
</total>
<tag>
</tag>
<suite>
<stat pass="1" fail="0" skip="0" id="s1" name="UserDefineKeywords">UserDefineKeywords</stat>
</suite>
</statistics>
<errors>
</errors>
</robot>
