<?xml version="1.0" encoding="UTF-8"?>
<robot generator="Robot 5.0.1 (Python 3.9.0 on win32)" generated="20221009 16:36:42.298" rpa="false" schemaversion="3">
<suite id="s1" name="NavigationURL" source="E:\Testing\RobotFrameworkTest\TestCases\NavigationURL.robot">
<test id="s1-t1" name="Navigation url" line="13">
<kw name="Open browser with url">
<doc>This keyword will open the browser with the url</doc>
<kw name="Open Browser" library="SeleniumLibrary">
<arg>${url}</arg>
<arg>${chrome_browser}</arg>
<doc>Opens a new browser instance to the optional ``url``.</doc>
<msg timestamp="20221009 16:36:42.542" level="INFO">Opening browser 'chrome' to base url 'https://demo.automationtesting.in/Windows.html'.</msg>
<status status="PASS" starttime="20221009 16:36:42.541" endtime="20221009 16:36:46.667"/>
</kw>
<kw name="Maximize Browser Window" library="SeleniumLibrary">
<doc>Maximizes current browser window.</doc>
<status status="PASS" starttime="20221009 16:36:46.667" endtime="20221009 16:36:46.951"/>
</kw>
<status status="PASS" starttime="20221009 16:36:42.541" endtime="20221009 16:36:46.952"/>
</kw>
<kw name="Get Location" library="SeleniumLibrary">
<var>${location}</var>
<doc>Returns the current browser window URL.</doc>
<msg timestamp="20221009 16:36:46.962" level="INFO">${location} = https://demo.automationtesting.in/Windows.html</msg>
<status status="PASS" starttime="20221009 16:36:46.952" endtime="20221009 16:36:46.962"/>
</kw>
<kw name="Log To Console" library="BuiltIn">
<arg>${location}</arg>
<doc>Logs the given message to the console.</doc>
<status status="PASS" starttime="20221009 16:36:46.962" endtime="20221009 16:36:46.963"/>
</kw>
<kw name="Sleep" library="BuiltIn">
<arg>3</arg>
<doc>Pauses the test executed for the given time.</doc>
<msg timestamp="20221009 16:36:49.968" level="INFO">Slept 3 seconds</msg>
<status status="PASS" starttime="20221009 16:36:46.964" endtime="20221009 16:36:49.968"/>
</kw>
<kw name="Go to google url">
<doc>This keyword will navigate to the google url</doc>
<kw name="Go To" library="SeleniumLibrary">
<arg>https://www.google.com/</arg>
<doc>Navigates the current browser window to the provided ``url``.</doc>
<msg timestamp="20221009 16:36:49.970" level="INFO">Opening url 'https://www.google.com/'</msg>
<status status="PASS" starttime="20221009 16:36:49.970" endtime="20221009 16:36:50.399"/>
</kw>
<status status="PASS" starttime="20221009 16:36:49.969" endtime="20221009 16:36:50.399"/>
</kw>
<kw name="Get Location" library="SeleniumLibrary">
<var>${location}</var>
<doc>Returns the current browser window URL.</doc>
<msg timestamp="20221009 16:36:50.420" level="INFO">${location} = https://www.google.com/</msg>
<status status="PASS" starttime="20221009 16:36:50.400" endtime="20221009 16:36:50.420"/>
</kw>
<kw name="Log To Console" library="BuiltIn">
<arg>${location}</arg>
<doc>Logs the given message to the console.</doc>
<status status="PASS" starttime="20221009 16:36:50.421" endtime="20221009 16:36:50.423"/>
</kw>
<kw name="Sleep" library="BuiltIn">
<arg>3</arg>
<doc>Pauses the test executed for the given time.</doc>
<msg timestamp="20221009 16:36:53.435" level="INFO">Slept 3 seconds</msg>
<status status="PASS" starttime="20221009 16:36:50.424" endtime="20221009 16:36:53.435"/>
</kw>
<kw name="Go Back" library="SeleniumLibrary">
<doc>Simulates the user clicking the back button on their browser.</doc>
<status status="PASS" starttime="20221009 16:36:53.436" endtime="20221009 16:36:53.555"/>
</kw>
<kw name="Get Location" library="SeleniumLibrary">
<var>${location}</var>
<doc>Returns the current browser window URL.</doc>
<msg timestamp="20221009 16:36:53.561" level="INFO">${location} = https://demo.automationtesting.in/Windows.html</msg>
<status status="PASS" starttime="20221009 16:36:53.556" endtime="20221009 16:36:53.561"/>
</kw>
<kw name="Log To Console" library="BuiltIn">
<arg>${location}</arg>
<doc>Logs the given message to the console.</doc>
<status status="PASS" starttime="20221009 16:36:53.561" endtime="20221009 16:36:53.562"/>
</kw>
<doc>This test case will navigate to the url</doc>
<status status="PASS" starttime="20221009 16:36:42.539" endtime="20221009 16:36:53.563"/>
</test>
<status status="PASS" starttime="20221009 16:36:42.300" endtime="20221009 16:36:53.564"/>
</suite>
<statistics>
<total>
<stat pass="1" fail="0" skip="0">All Tests</stat>
</total>
<tag>
</tag>
<suite>
<stat pass="1" fail="0" skip="0" id="s1" name="NavigationURL">NavigationURL</stat>
</suite>
</statistics>
<errors>
</errors>
</robot>
