<?xml version="1.0" encoding="UTF-8"?>
<robot generator="Robot 5.0.1 (Python 3.9.0 on win32)" generated="20221013 21:24:58.997" rpa="false" schemaversion="3">
<suite id="s1" name="ForLoopExample" source="e:\Testing\RobotFrameworkTest\TestCases\ForLoopExample.robot">
<test id="s1-t1" name="Loop over multiple values" line="23">
<kw name="Log To Console" library="BuiltIn">
<arg>Four users:</arg>
<doc>Logs the given message to the console.</doc>
<status status="PASS" starttime="20221013 21:24:59.032" endtime="20221013 21:24:59.034"/>
</kw>
<for flavor="IN">
<var>${var}</var>
<value>${user1}</value>
<value>${user2}</value>
<value>${user3}</value>
<value>Jon</value>
<iter>
<var name="${var}">Jon</var>
<kw name="Log To Console" library="BuiltIn">
<arg>${var}</arg>
<doc>Logs the given message to the console.</doc>
<status status="PASS" starttime="20221013 21:24:59.035" endtime="20221013 21:24:59.036"/>
</kw>
<status status="PASS" starttime="20221013 21:24:59.035" endtime="20221013 21:24:59.036"/>
</iter>
<iter>
<var name="${var}">Kelly</var>
<kw name="Log To Console" library="BuiltIn">
<arg>${var}</arg>
<doc>Logs the given message to the console.</doc>
<status status="PASS" starttime="20221013 21:24:59.037" endtime="20221013 21:24:59.037"/>
</kw>
<status status="PASS" starttime="20221013 21:24:59.037" endtime="20221013 21:24:59.037"/>
</iter>
<iter>
<var name="${var}">Chodna</var>
<kw name="Log To Console" library="BuiltIn">
<arg>${var}</arg>
<doc>Logs the given message to the console.</doc>
<status status="PASS" starttime="20221013 21:24:59.039" endtime="20221013 21:24:59.039"/>
</kw>
<status status="PASS" starttime="20221013 21:24:59.037" endtime="20221013 21:24:59.039"/>
</iter>
<iter>
<var name="${var}">Jon</var>
<kw name="Log To Console" library="BuiltIn">
<arg>${var}</arg>
<doc>Logs the given message to the console.</doc>
<status status="PASS" starttime="20221013 21:24:59.039" endtime="20221013 21:24:59.041"/>
</kw>
<status status="PASS" starttime="20221013 21:24:59.039" endtime="20221013 21:24:59.041"/>
</iter>
<status status="PASS" starttime="20221013 21:24:59.034" endtime="20221013 21:24:59.042"/>
</for>
<status status="PASS" starttime="20221013 21:24:59.031" endtime="20221013 21:24:59.042"/>
</test>
<status status="PASS" starttime="20221013 21:24:59.004" endtime="20221013 21:24:59.045"/>
</suite>
<statistics>
<total>
<stat pass="1" fail="0" skip="0">All Tests</stat>
</total>
<tag>
</tag>
<suite>
<stat pass="1" fail="0" skip="0" id="s1" name="ForLoopExample">ForLoopExample</stat>
</suite>
</statistics>
<errors>
</errors>
</robot>
