<?xml version="1.0" encoding="UTF-8"?>
<robot generator="Robot 5.0.1 (Python 3.9.0 on win32)" generated="20220926 18:19:39.308" rpa="false" schemaversion="3">
<suite id="s1" name="MultipleBrowser" source="E:\Testing\RobotFrameworkTest\TestCases\MultipleBrowser.robot">
<test id="s1-t1" name="TestingSpeed" line="13">
<kw name="Open Browser" library="SeleniumLibrary">
<arg>${url}</arg>
<arg>${chrome_browser}</arg>
<doc>Opens a new browser instance to the optional ``url``.</doc>
<msg timestamp="20220926 18:19:39.543" level="INFO">Opening browser 'chrome' to base url 'https://demowebshop.tricentis.com'.</msg>
<status status="PASS" starttime="20220926 18:19:39.543" endtime="20220926 18:19:41.789"/>
</kw>
<kw name="Maximize Browser Window" library="SeleniumLibrary">
<doc>Maximizes current browser window.</doc>
<status status="PASS" starttime="20220926 18:19:41.791" endtime="20220926 18:19:41.933"/>
</kw>
<kw name="Open Browser" library="SeleniumLibrary">
<arg>${url}</arg>
<arg>${edge_browser}</arg>
<doc>Opens a new browser instance to the optional ``url``.</doc>
<msg timestamp="20220926 18:19:41.938" level="INFO">Opening browser 'edge' to base url 'https://demowebshop.tricentis.com'.</msg>
<status status="PASS" starttime="20220926 18:19:41.935" endtime="20220926 18:19:44.372"/>
</kw>
<kw name="Maximize Browser Window" library="SeleniumLibrary">
<doc>Maximizes current browser window.</doc>
<status status="PASS" starttime="20220926 18:19:44.376" endtime="20220926 18:19:44.577"/>
</kw>
<kw name="Open Browser" library="SeleniumLibrary">
<arg>${url}</arg>
<arg>${firefox_browser}</arg>
<doc>Opens a new browser instance to the optional ``url``.</doc>
<msg timestamp="20220926 18:19:44.579" level="INFO">Opening browser 'firefox' to base url 'https://demowebshop.tricentis.com'.</msg>
<msg timestamp="20220926 18:19:44.581" level="INFO">Firefox driver log is always forced to to: E:\Testing\RobotFrameworkTest\geckodriver-2.log</msg>
<status status="PASS" starttime="20220926 18:19:44.578" endtime="20220926 18:19:51.207"/>
</kw>
<kw name="Maximize Browser Window" library="SeleniumLibrary">
<doc>Maximizes current browser window.</doc>
<status status="PASS" starttime="20220926 18:19:51.208" endtime="20220926 18:19:51.690"/>
</kw>
<kw name="Click Link" library="SeleniumLibrary">
<arg>xpath://a[@class='ico-register']</arg>
<doc>Clicks a link identified by ``locator``.</doc>
<msg timestamp="20220926 18:19:51.693" level="INFO">Clicking link 'xpath://a[@class='ico-register']'.</msg>
<status status="PASS" starttime="20220926 18:19:51.692" endtime="20220926 18:19:52.175"/>
</kw>
<kw name="FillUpRegistrationForm">
<kw name="Select Radio Button" library="SeleniumLibrary">
<arg>Gender</arg>
<arg>M</arg>
<doc>Sets the radio button group ``group_name`` to ``value``.</doc>
<msg timestamp="20220926 18:19:52.177" level="INFO">Selecting 'M' from radio button 'Gender'.</msg>
<status status="PASS" starttime="20220926 18:19:52.176" endtime="20220926 18:19:52.409"/>
</kw>
<kw name="Input Text" library="SeleniumLibrary">
<arg>name:FirstName</arg>
<arg>John</arg>
<doc>Types the given ``text`` into the text field identified by ``locator``.</doc>
<msg timestamp="20220926 18:19:52.409" level="INFO">Typing text 'John' into text field 'name:FirstName'.</msg>
<status status="PASS" starttime="20220926 18:19:52.409" endtime="20220926 18:19:52.444"/>
</kw>
<kw name="Input Text" library="SeleniumLibrary">
<arg>name:LastName</arg>
<arg>Doe</arg>
<doc>Types the given ``text`` into the text field identified by ``locator``.</doc>
<msg timestamp="20220926 18:19:52.446" level="INFO">Typing text 'Doe' into text field 'name:LastName'.</msg>
<status status="PASS" starttime="20220926 18:19:52.445" endtime="20220926 18:19:52.508"/>
</kw>
<kw name="Input Text" library="SeleniumLibrary">
<arg>name:Email</arg>
<arg>test@gmail.com</arg>
<doc>Types the given ``text`` into the text field identified by ``locator``.</doc>
<msg timestamp="20220926 18:19:52.509" level="INFO">Typing text 'test@gmail.com' into text field 'name:Email'.</msg>
<status status="PASS" starttime="20220926 18:19:52.508" endtime="20220926 18:19:52.558"/>
</kw>
<kw name="Input Text" library="SeleniumLibrary">
<arg>name:Password</arg>
<arg>123456</arg>
<doc>Types the given ``text`` into the text field identified by ``locator``.</doc>
<msg timestamp="20220926 18:19:52.559" level="INFO">Typing text '123456' into text field 'name:Password'.</msg>
<status status="PASS" starttime="20220926 18:19:52.558" endtime="20220926 18:19:52.611"/>
</kw>
<kw name="Input Text" library="SeleniumLibrary">
<arg>name:ConfirmPassword</arg>
<arg>123456</arg>
<doc>Types the given ``text`` into the text field identified by ``locator``.</doc>
<msg timestamp="20220926 18:19:52.611" level="INFO">Typing text '123456' into text field 'name:ConfirmPassword'.</msg>
<status status="PASS" starttime="20220926 18:19:52.611" endtime="20220926 18:19:52.639"/>
</kw>
<status status="PASS" starttime="20220926 18:19:52.176" endtime="20220926 18:19:52.639"/>
</kw>
<kw name="Close All Browsers" library="SeleniumLibrary">
<doc>Closes all open browsers and resets the browser cache.</doc>
<status status="PASS" starttime="20220926 18:19:52.640" endtime="20220926 18:19:58.271"/>
</kw>
<status status="PASS" starttime="20220926 18:19:39.542" endtime="20220926 18:19:58.272"/>
</test>
<status status="PASS" starttime="20220926 18:19:39.310" endtime="20220926 18:19:58.273"/>
</suite>
<statistics>
<total>
<stat pass="1" fail="0" skip="0">All Tests</stat>
</total>
<tag>
</tag>
<suite>
<stat pass="1" fail="0" skip="0" id="s1" name="MultipleBrowser">MultipleBrowser</stat>
</suite>
</statistics>
<errors>
</errors>
</robot>
