<?xml version="1.0" encoding="UTF-8"?>
<robot generator="Robot 5.0.1 (Python 3.9.0 on win32)" generated="20220926 16:34:19.761" rpa="false" schemaversion="3">
<suite id="s1" name="SpeedTests" source="E:\Testing\RobotFrameworkTest\TestCases\SpeedTests.robot">
<test id="s1-t1" name="TestingSpeed" line="10">
<kw name="Open Browser" library="SeleniumLibrary">
<arg>${url}</arg>
<arg>${browser}</arg>
<doc>Opens a new browser instance to the optional ``url``.</doc>
<msg timestamp="20220926 16:34:19.989" level="INFO">Opening browser 'chrome' to base url 'https://demowebshop.tricentis.com'.</msg>
<status status="PASS" starttime="20220926 16:34:19.988" endtime="20220926 16:34:22.124"/>
</kw>
<kw name="Maximize Browser Window" library="SeleniumLibrary">
<doc>Maximizes current browser window.</doc>
<status status="PASS" starttime="20220926 16:34:22.125" endtime="20220926 16:34:22.269"/>
</kw>
<kw name="Click Link" library="SeleniumLibrary">
<arg>xpath://a[@class='ico-register']</arg>
<doc>Clicks a link identified by ``locator``.</doc>
<msg timestamp="20220926 16:34:22.270" level="INFO">Clicking link 'xpath://a[@class='ico-register']'.</msg>
<status status="PASS" starttime="20220926 16:34:22.269" endtime="20220926 16:34:22.637"/>
</kw>
<kw name="Set Selenium Speed" library="SeleniumLibrary">
<arg>1 seconds</arg>
<doc>Sets the delay that is waited after each Selenium command.</doc>
<status status="PASS" starttime="20220926 16:34:22.637" endtime="20220926 16:34:22.638"/>
</kw>
<kw name="Wait Until Page Contains" library="SeleniumLibrary">
<arg>Register</arg>
<doc>Waits until ``text`` appears on the current page.</doc>
<status status="PASS" starttime="20220926 16:34:22.639" endtime="20220926 16:34:23.671"/>
</kw>
<kw name="Select Radio Button" library="SeleniumLibrary">
<arg>Gender</arg>
<arg>M</arg>
<doc>Sets the radio button group ``group_name`` to ``value``.</doc>
<msg timestamp="20220926 16:34:23.673" level="INFO">Selecting 'M' from radio button 'Gender'.</msg>
<status status="PASS" starttime="20220926 16:34:23.672" endtime="20220926 16:34:26.777"/>
</kw>
<kw name="Input Text" library="SeleniumLibrary">
<arg>name:FirstName</arg>
<arg>John</arg>
<doc>Types the given ``text`` into the text field identified by ``locator``.</doc>
<msg timestamp="20220926 16:34:26.779" level="INFO">Typing text 'John' into text field 'name:FirstName'.</msg>
<status status="PASS" starttime="20220926 16:34:26.778" endtime="20220926 16:34:29.925"/>
</kw>
<kw name="Input Text" library="SeleniumLibrary">
<arg>name:LastName</arg>
<arg>Doe</arg>
<doc>Types the given ``text`` into the text field identified by ``locator``.</doc>
<msg timestamp="20220926 16:34:29.926" level="INFO">Typing text 'Doe' into text field 'name:LastName'.</msg>
<status status="PASS" starttime="20220926 16:34:29.926" endtime="20220926 16:34:33.091"/>
</kw>
<kw name="Input Text" library="SeleniumLibrary">
<arg>name:Email</arg>
<arg>test@gmail.com</arg>
<doc>Types the given ``text`` into the text field identified by ``locator``.</doc>
<msg timestamp="20220926 16:34:33.092" level="INFO">Typing text 'test@gmail.com' into text field 'name:Email'.</msg>
<status status="PASS" starttime="20220926 16:34:33.092" endtime="20220926 16:34:36.259"/>
</kw>
<kw name="Input Text" library="SeleniumLibrary">
<arg>name:Password</arg>
<arg>123456</arg>
<doc>Types the given ``text`` into the text field identified by ``locator``.</doc>
<msg timestamp="20220926 16:34:36.261" level="INFO">Typing text '123456' into text field 'name:Password'.</msg>
<status status="PASS" starttime="20220926 16:34:36.261" endtime="20220926 16:34:39.394"/>
</kw>
<kw name="Input Text" library="SeleniumLibrary">
<arg>name:ConfirmPassword</arg>
<arg>123456</arg>
<doc>Types the given ``text`` into the text field identified by ``locator``.</doc>
<msg timestamp="20220926 16:34:39.395" level="INFO">Typing text '123456' into text field 'name:ConfirmPassword'.</msg>
<status status="PASS" starttime="20220926 16:34:39.395" endtime="20220926 16:34:42.526"/>
</kw>
<kw name="Close Browser" library="SeleniumLibrary">
<doc>Closes the current browser.</doc>
<status status="PASS" starttime="20220926 16:34:42.527" endtime="20220926 16:34:45.644"/>
</kw>
<status status="PASS" starttime="20220926 16:34:19.987" endtime="20220926 16:34:45.645"/>
</test>
<status status="PASS" starttime="20220926 16:34:19.763" endtime="20220926 16:34:45.648"/>
</suite>
<statistics>
<total>
<stat pass="1" fail="0" skip="0">All Tests</stat>
</total>
<tag>
</tag>
<suite>
<stat pass="1" fail="0" skip="0" id="s1" name="SpeedTests">SpeedTests</stat>
</suite>
</statistics>
<errors>
</errors>
</robot>
