<?xml version="1.0" encoding="UTF-8"?>
<robot generator="Robot 5.0.1 (Python 3.9.0 on win32)" generated="20220927 17:41:12.940" rpa="false" schemaversion="3">
<suite id="s1" name="CaptureScreenShots" source="E:\Testing\RobotFrameworkTest\TestCases\CaptureScreenShots.robot">
<test id="s1-t1" name="Login with valid credentials" line="13">
<kw name="Open Browser" library="SeleniumLibrary">
<arg>${url}</arg>
<arg>${chrome_browser}</arg>
<doc>Opens a new browser instance to the optional ``url``.</doc>
<msg timestamp="20220927 17:41:13.165" level="INFO">Opening browser 'chrome' to base url 'https://practice.automationtesting.in/my-account/'.</msg>
<status status="PASS" starttime="20220927 17:41:13.165" endtime="20220927 17:41:20.794"/>
</kw>
<kw name="Maximize Browser Window" library="SeleniumLibrary">
<doc>Maximizes current browser window.</doc>
<status status="PASS" starttime="20220927 17:41:20.795" endtime="20220927 17:41:20.999"/>
</kw>
<kw name="Input Text" library="SeleniumLibrary">
<arg>id:username</arg>
<arg>admin</arg>
<doc>Types the given ``text`` into the text field identified by ``locator``.</doc>
<msg timestamp="20220927 17:41:21.003" level="INFO">Typing text 'admin' into text field 'id:username'.</msg>
<status status="PASS" starttime="20220927 17:41:21.000" endtime="20220927 17:41:21.298"/>
</kw>
<kw name="Input Text" library="SeleniumLibrary">
<arg>id:password</arg>
<arg>admin123</arg>
<doc>Types the given ``text`` into the text field identified by ``locator``.</doc>
<msg timestamp="20220927 17:41:21.299" level="INFO">Typing text 'admin123' into text field 'id:password'.</msg>
<status status="PASS" starttime="20220927 17:41:21.298" endtime="20220927 17:41:21.489"/>
</kw>
<kw name="Capture Element Screenshot" library="SeleniumLibrary">
<arg>xpath://img[@alt='Site Logo']</arg>
<arg>E:/Testing/RobotFrameworkTest/ScreenShots/logo.png</arg>
<doc>Captures a screenshot from the element identified by ``locator`` and embeds it into log file.</doc>
<msg timestamp="20220927 17:41:21.636" level="INFO" html="true">&lt;/td&gt;&lt;/tr&gt;&lt;tr&gt;&lt;td colspan="3"&gt;&lt;a href="ScreenShots/logo.png"&gt;&lt;img src="ScreenShots/logo.png" width="400px"&gt;&lt;/a&gt;</msg>
<status status="PASS" starttime="20220927 17:41:21.489" endtime="20220927 17:41:21.636"/>
</kw>
<kw name="Capture Page Screenshot" library="SeleniumLibrary">
<arg>E:/Testing/RobotFrameworkTest/ScreenShots/login_page.png</arg>
<doc>Takes a screenshot of the current page and embeds it into a log file.</doc>
<msg timestamp="20220927 17:41:21.837" level="INFO" html="true">&lt;/td&gt;&lt;/tr&gt;&lt;tr&gt;&lt;td colspan="3"&gt;&lt;a href="ScreenShots/login_page.png"&gt;&lt;img src="ScreenShots/login_page.png" width="800px"&gt;&lt;/a&gt;</msg>
<status status="PASS" starttime="20220927 17:41:21.637" endtime="20220927 17:41:21.837"/>
</kw>
<kw name="Close Browser" library="SeleniumLibrary">
<doc>Closes the current browser.</doc>
<status status="PASS" starttime="20220927 17:41:21.838" endtime="20220927 17:41:24.145"/>
</kw>
<doc>This test case will login with valid credentials</doc>
<status status="PASS" starttime="20220927 17:41:13.163" endtime="20220927 17:41:24.146"/>
</test>
<status status="PASS" starttime="20220927 17:41:12.942" endtime="20220927 17:41:24.149"/>
</suite>
<statistics>
<total>
<stat pass="1" fail="0" skip="0">All Tests</stat>
</total>
<tag>
</tag>
<suite>
<stat pass="1" fail="0" skip="0" id="s1" name="CaptureScreenShots">CaptureScreenShots</stat>
</suite>
</statistics>
<errors>
</errors>
</robot>
