<?xml version="1.0" encoding="UTF-8"?>
<robot generator="Robot 5.0.1 (Python 3.9.0 on win32)" generated="20220926 16:28:36.154" rpa="false" schemaversion="3">
<suite id="s1" name="SpeedTests" source="E:\Testing\RobotFrameworkTest\TestCases\SpeedTests.robot">
<test id="s1-t1" name="TestingSpeed" line="10">
<kw name="Open Browser" library="SeleniumLibrary">
<arg>${url}</arg>
<arg>${browser}</arg>
<doc>Opens a new browser instance to the optional ``url``.</doc>
<msg timestamp="20220926 16:28:36.378" level="INFO">Opening browser 'chrome' to base url 'https://demowebshop.tricentis.com'.</msg>
<status status="PASS" starttime="20220926 16:28:36.378" endtime="20220926 16:28:38.594"/>
</kw>
<kw name="Maximize Browser Window" library="SeleniumLibrary">
<doc>Maximizes current browser window.</doc>
<status status="PASS" starttime="20220926 16:28:38.595" endtime="20220926 16:28:38.738"/>
</kw>
<kw name="Click Link" library="SeleniumLibrary">
<arg>xpath://a[@class='ico-register']</arg>
<doc>Clicks a link identified by ``locator``.</doc>
<msg timestamp="20220926 16:28:38.740" level="INFO">Clicking link 'xpath://a[@class='ico-register']'.</msg>
<status status="PASS" starttime="20220926 16:28:38.738" endtime="20220926 16:28:39.109"/>
</kw>
<kw name="Set Selenium Speed" library="SeleniumLibrary">
<arg>1 seconds</arg>
<doc>Sets the delay that is waited after each Selenium command.</doc>
<status status="PASS" starttime="20220926 16:28:39.111" endtime="20220926 16:28:39.112"/>
</kw>
<kw name="Select Radio Button" library="SeleniumLibrary">
<arg>Gender</arg>
<arg>M</arg>
<doc>Sets the radio button group ``group_name`` to ``value``.</doc>
<msg timestamp="20220926 16:28:39.113" level="INFO">Selecting 'M' from radio button 'Gender'.</msg>
<status status="PASS" starttime="20220926 16:28:39.113" endtime="20220926 16:28:42.218"/>
</kw>
<kw name="Input Text" library="SeleniumLibrary">
<arg>name:FirstName</arg>
<arg>John</arg>
<doc>Types the given ``text`` into the text field identified by ``locator``.</doc>
<msg timestamp="20220926 16:28:42.219" level="INFO">Typing text 'John' into text field 'name:FirstName'.</msg>
<status status="PASS" starttime="20220926 16:28:42.218" endtime="20220926 16:28:45.358"/>
</kw>
<kw name="Input Text" library="SeleniumLibrary">
<arg>name:LastName</arg>
<arg>Doe</arg>
<doc>Types the given ``text`` into the text field identified by ``locator``.</doc>
<msg timestamp="20220926 16:28:45.360" level="INFO">Typing text 'Doe' into text field 'name:LastName'.</msg>
<status status="PASS" starttime="20220926 16:28:45.359" endtime="20220926 16:28:48.533"/>
</kw>
<kw name="Input Text" library="SeleniumLibrary">
<arg>name:Email</arg>
<arg>test@gmail.com</arg>
<doc>Types the given ``text`` into the text field identified by ``locator``.</doc>
<msg timestamp="20220926 16:28:48.535" level="INFO">Typing text 'test@gmail.com' into text field 'name:Email'.</msg>
<status status="PASS" starttime="20220926 16:28:48.534" endtime="20220926 16:28:51.689"/>
</kw>
<kw name="Input Text" library="SeleniumLibrary">
<arg>name:Password</arg>
<arg>123456</arg>
<doc>Types the given ``text`` into the text field identified by ``locator``.</doc>
<msg timestamp="20220926 16:28:51.691" level="INFO">Typing text '123456' into text field 'name:Password'.</msg>
<status status="PASS" starttime="20220926 16:28:51.690" endtime="20220926 16:28:54.833"/>
</kw>
<kw name="Input Text" library="SeleniumLibrary">
<arg>name:ConfirmPassword</arg>
<arg>123456</arg>
<doc>Types the given ``text`` into the text field identified by ``locator``.</doc>
<msg timestamp="20220926 16:28:54.836" level="INFO">Typing text '123456' into text field 'name:ConfirmPassword'.</msg>
<status status="PASS" starttime="20220926 16:28:54.835" endtime="20220926 16:28:57.964"/>
</kw>
<kw name="Close Browser" library="SeleniumLibrary">
<doc>Closes the current browser.</doc>
<status status="PASS" starttime="20220926 16:28:57.965" endtime="20220926 16:29:01.065"/>
</kw>
<status status="PASS" starttime="20220926 16:28:36.377" endtime="20220926 16:29:01.066"/>
</test>
<status status="PASS" starttime="20220926 16:28:36.156" endtime="20220926 16:29:01.069"/>
</suite>
<statistics>
<total>
<stat pass="1" fail="0" skip="0">All Tests</stat>
</total>
<tag>
</tag>
<suite>
<stat pass="1" fail="0" skip="0" id="s1" name="SpeedTests">SpeedTests</stat>
</suite>
</statistics>
<errors>
</errors>
</robot>
